  0.2170E+00  0.2329E+01
  0.2170E+00  0.2621E+01
  0.2170E+00  0.2329E+01
  0.2708E+00  0.2327E+01
  0.2963E+00  0.2618E+01
  0.2708E+00  0.2327E+01
  0.3287E+00  0.2319E+01
  0.3796E+00  0.2607E+01
  0.3287E+00  0.2319E+01
  0.3974E+00  0.2304E+01
  0.4730E+00  0.2586E+01
  0.3974E+00  0.2304E+01
  0.4884E+00  0.2275E+01
  0.5878E+00  0.2548E+01
  0.4884E+00  0.2275E+01
  0.6117E+00  0.2223E+01
  0.7335E+00  0.2484E+01
  0.6117E+00  0.2223E+01
  0.1226E+01  0.1884E+01
  0.1366E+01  0.2127E+01
  0.1226E+01  0.1884E+01
  0.1907E+01  0.1474E+01
  0.2080E+01  0.1721E+01
  0.1907E+01  0.1474E+01
  0.2005E+01  0.1399E+01
  0.2202E+01  0.1633E+01
  0.2005E+01  0.1399E+01
  0.2075E+01  0.1335E+01
  0.2294E+01  0.1553E+01
  0.2075E+01  0.1335E+01
  0.2128E+01  0.1278E+01
  0.2365E+01  0.1477E+01
  0.2128E+01  0.1278E+01
  0.2174E+01  0.1217E+01
  0.2429E+01  0.1396E+01
  0.2174E+01  0.1217E+01
  0.2211E+01  0.1160E+01
  0.2481E+01  0.1316E+01
  0.2211E+01  0.1160E+01
  0.2246E+01  0.1092E+01
  0.2529E+01  0.1224E+01
  0.2246E+01  0.1092E+01
  0.2282E+01  0.1006E+01
  0.2574E+01  0.1112E+01
  0.2282E+01  0.1006E+01
  0.2469E+01  0.3439E+00
  0.2770E+01  0.4246E+00
  0.2469E+01  0.3439E+00
  0.2558E+01 -0.2298E-01
  0.2873E+01  0.3256E-01
  0.2558E+01 -0.2298E-01
  0.2573E+01 -0.1357E+00
  0.2894E+01 -0.1076E+00
  0.2573E+01 -0.1357E+00
  0.2578E+01 -0.2730E+00
  0.2902E+01 -0.2730E+00
  0.2578E+01 -0.2730E+00
  0.2571E+01 -0.5787E+00
  0.2899E+01 -0.6074E+00
  0.2571E+01 -0.5787E+00
  0.2562E+01 -0.6496E+00
  0.2887E+01 -0.7069E+00
  0.2562E+01 -0.6496E+00
  0.2551E+01 -0.6982E+00
  0.2870E+01 -0.7838E+00
  0.2551E+01 -0.6982E+00
  0.2535E+01 -0.7488E+00
  0.2845E+01 -0.8618E+00
  0.2535E+01 -0.7488E+00
  0.2518E+01 -0.7883E+00
  0.2817E+01 -0.9277E+00
  0.2518E+01 -0.7883E+00
  0.2495E+01 -0.8322E+00
  0.2780E+01 -0.9966E+00
  0.2495E+01 -0.8322E+00
  0.2466E+01 -0.8779E+00
  0.2734E+01 -0.1066E+01
  0.2466E+01 -0.8779E+00
  0.2422E+01 -0.9356E+00
  0.2670E+01 -0.1144E+01
  0.2422E+01 -0.9356E+00
  0.2352E+01 -0.1010E+01
  0.2579E+01 -0.1237E+01
  0.2352E+01 -0.1010E+01
  0.2181E+01 -0.1166E+01
  0.2379E+01 -0.1403E+01
  0.2181E+01 -0.1166E+01
  0.1883E+01 -0.1393E+01
  0.2051E+01 -0.1633E+01
  0.1883E+01 -0.1393E+01
  0.1411E+01 -0.1693E+01
  0.1549E+01 -0.1932E+01
  0.1411E+01 -0.1693E+01
  0.7809E+00 -0.2034E+01
  0.8959E+00 -0.2280E+01
  0.7809E+00 -0.2034E+01
  0.4875E+00 -0.2155E+01
  0.5819E+00 -0.2415E+01
  0.4875E+00 -0.2155E+01
  0.1956E+00 -0.2243E+01
  0.2684E+00 -0.2515E+01
  0.1956E+00 -0.2243E+01
 -0.1053E+00 -0.2319E+01
 -0.5487E-01 -0.2604E+01
 -0.1053E+00 -0.2319E+01
 -0.1651E+00 -0.2327E+01
 -0.1397E+00 -0.2617E+01
 -0.1651E+00 -0.2327E+01
 -0.2170E+00 -0.2329E+01
 -0.2170E+00 -0.2621E+01
 -0.2170E+00 -0.2329E+01
 -0.2708E+00 -0.2327E+01
 -0.2963E+00 -0.2618E+01
 -0.2708E+00 -0.2327E+01
 -0.3287E+00 -0.2319E+01
 -0.3796E+00 -0.2607E+01
 -0.3287E+00 -0.2319E+01
 -0.3974E+00 -0.2304E+01
 -0.4730E+00 -0.2586E+01
 -0.3974E+00 -0.2304E+01
 -0.4884E+00 -0.2275E+01
 -0.5878E+00 -0.2548E+01
 -0.4884E+00 -0.2275E+01
 -0.6117E+00 -0.2223E+01
 -0.7335E+00 -0.2484E+01
 -0.6117E+00 -0.2223E+01
 -0.1226E+01 -0.1884E+01
 -0.1366E+01 -0.2127E+01
 -0.1226E+01 -0.1884E+01
 -0.1907E+01 -0.1474E+01
 -0.2080E+01 -0.1721E+01
 -0.1907E+01 -0.1474E+01
 -0.2005E+01 -0.1399E+01
 -0.2202E+01 -0.1633E+01
 -0.2005E+01 -0.1399E+01
 -0.2075E+01 -0.1335E+01
 -0.2294E+01 -0.1553E+01
 -0.2075E+01 -0.1335E+01
 -0.2128E+01 -0.1278E+01
 -0.2365E+01 -0.1477E+01
 -0.2128E+01 -0.1278E+01
 -0.2174E+01 -0.1217E+01
 -0.2429E+01 -0.1396E+01
 -0.2174E+01 -0.1217E+01
 -0.2211E+01 -0.1160E+01
 -0.2481E+01 -0.1316E+01
 -0.2211E+01 -0.1160E+01
 -0.2246E+01 -0.1092E+01
 -0.2529E+01 -0.1224E+01
 -0.2246E+01 -0.1092E+01
 -0.2282E+01 -0.1006E+01
 -0.2574E+01 -0.1112E+01
 -0.2282E+01 -0.1006E+01
 -0.2469E+01 -0.3439E+00
 -0.2770E+01 -0.4246E+00
 -0.2469E+01 -0.3439E+00
 -0.2558E+01  0.2298E-01
 -0.2873E+01 -0.3256E-01
 -0.2558E+01  0.2298E-01
 -0.2573E+01  0.1357E+00
 -0.2894E+01  0.1076E+00
 -0.2573E+01  0.1357E+00
 -0.2578E+01  0.2730E+00
 -0.2902E+01  0.2730E+00
 -0.2578E+01  0.2730E+00
 -0.2571E+01  0.5787E+00
 -0.2899E+01  0.6074E+00
 -0.2571E+01  0.5787E+00
 -0.2562E+01  0.6496E+00
 -0.2887E+01  0.7069E+00
 -0.2562E+01  0.6496E+00
 -0.2551E+01  0.6982E+00
 -0.2870E+01  0.7838E+00
 -0.2551E+01  0.6982E+00
 -0.2535E+01  0.7488E+00
 -0.2845E+01  0.8618E+00
 -0.2535E+01  0.7488E+00
 -0.2518E+01  0.7883E+00
 -0.2817E+01  0.9277E+00
 -0.2518E+01  0.7883E+00
 -0.2495E+01  0.8322E+00
 -0.2780E+01  0.9966E+00
 -0.2495E+01  0.8322E+00
 -0.2466E+01  0.8779E+00
 -0.2734E+01  0.1066E+01
 -0.2466E+01  0.8779E+00
 -0.2422E+01  0.9356E+00
 -0.2670E+01  0.1144E+01
 -0.2422E+01  0.9356E+00
 -0.2352E+01  0.1010E+01
 -0.2579E+01  0.1237E+01
 -0.2352E+01  0.1010E+01
 -0.2181E+01  0.1166E+01
 -0.2379E+01  0.1403E+01
 -0.2181E+01  0.1166E+01
 -0.1883E+01  0.1393E+01
 -0.2051E+01  0.1633E+01
 -0.1883E+01  0.1393E+01
 -0.1411E+01  0.1693E+01
 -0.1549E+01  0.1932E+01
 -0.1411E+01  0.1693E+01
 -0.7809E+00  0.2034E+01
 -0.8959E+00  0.2280E+01
 -0.7809E+00  0.2034E+01
 -0.4875E+00  0.2155E+01
 -0.5819E+00  0.2415E+01
 -0.4875E+00  0.2155E+01
 -0.1956E+00  0.2243E+01
 -0.2684E+00  0.2515E+01
 -0.1956E+00  0.2243E+01
  0.1053E+00  0.2319E+01
  0.5487E-01  0.2604E+01
  0.1053E+00  0.2319E+01
  0.1651E+00  0.2327E+01
  0.1397E+00  0.2617E+01
  0.1651E+00  0.2327E+01
  0.2170E+00  0.2329E+01
   -   -   
