  0.2170E+00  0.2329E+01
  0.2166E+00  0.2621E+01
  0.2170E+00  0.2329E+01
  0.2708E+00  0.2327E+01
  0.2959E+00  0.2618E+01
  0.2708E+00  0.2327E+01
  0.3287E+00  0.2319E+01
  0.3786E+00  0.2608E+01
  0.3287E+00  0.2319E+01
  0.3974E+00  0.2304E+01
  0.4715E+00  0.2586E+01
  0.3974E+00  0.2304E+01
  0.4884E+00  0.2275E+01
  0.5866E+00  0.2549E+01
  0.4884E+00  0.2275E+01
  0.6117E+00  0.2223E+01
  0.7279E+00  0.2487E+01
  0.6117E+00  0.2223E+01
  0.1226E+01  0.1884E+01
  0.1365E+01  0.2128E+01
  0.1226E+01  0.1884E+01
  0.1907E+01  0.1474E+01
  0.2085E+01  0.1716E+01
  0.1907E+01  0.1474E+01
  0.2005E+01  0.1399E+01
  0.2203E+01  0.1632E+01
  0.2005E+01  0.1399E+01
  0.2075E+01  0.1335E+01
  0.2295E+01  0.1552E+01
  0.2075E+01  0.1335E+01
  0.2128E+01  0.1278E+01
  0.2365E+01  0.1477E+01
  0.2128E+01  0.1278E+01
  0.2174E+01  0.1217E+01
  0.2429E+01  0.1396E+01
  0.2174E+01  0.1217E+01
  0.2211E+01  0.1160E+01
  0.2480E+01  0.1317E+01
  0.2211E+01  0.1160E+01
  0.2246E+01  0.1092E+01
  0.2528E+01  0.1226E+01
  0.2246E+01  0.1092E+01
  0.2282E+01  0.1006E+01
  0.2571E+01  0.1120E+01
  0.2282E+01  0.1006E+01
  0.2469E+01  0.3439E+00
  0.2771E+01  0.4222E+00
  0.2469E+01  0.3439E+00
  0.2558E+01 -0.2298E-01
  0.2874E+01  0.2709E-01
  0.2558E+01 -0.2298E-01
  0.2573E+01 -0.1357E+00
  0.2894E+01 -0.1070E+00
  0.2573E+01 -0.1357E+00
  0.2578E+01 -0.2730E+00
  0.2902E+01 -0.2674E+00
  0.2578E+01 -0.2730E+00
  0.2571E+01 -0.5787E+00
  0.2898E+01 -0.6145E+00
  0.2571E+01 -0.5787E+00
  0.2562E+01 -0.6496E+00
  0.2887E+01 -0.7087E+00
  0.2562E+01 -0.6496E+00
  0.2551E+01 -0.6982E+00
  0.2870E+01 -0.7830E+00
  0.2551E+01 -0.6982E+00
  0.2535E+01 -0.7488E+00
  0.2845E+01 -0.8636E+00
  0.2535E+01 -0.7488E+00
  0.2518E+01 -0.7883E+00
  0.2818E+01 -0.9274E+00
  0.2518E+01 -0.7883E+00
  0.2495E+01 -0.8322E+00
  0.2780E+01 -0.9967E+00
  0.2495E+01 -0.8322E+00
  0.2466E+01 -0.8779E+00
  0.2735E+01 -0.1065E+01
  0.2466E+01 -0.8779E+00
  0.2422E+01 -0.9356E+00
  0.2671E+01 -0.1144E+01
  0.2422E+01 -0.9356E+00
  0.2352E+01 -0.1010E+01
  0.2582E+01 -0.1234E+01
  0.2352E+01 -0.1010E+01
  0.2181E+01 -0.1166E+01
  0.2381E+01 -0.1402E+01
  0.2181E+01 -0.1166E+01
  0.1883E+01 -0.1393E+01
  0.2052E+01 -0.1632E+01
  0.1883E+01 -0.1393E+01
  0.1411E+01 -0.1693E+01
  0.1550E+01 -0.1931E+01
  0.1411E+01 -0.1693E+01
  0.7809E+00 -0.2034E+01
  0.8930E+00 -0.2282E+01
  0.7809E+00 -0.2034E+01
  0.4875E+00 -0.2155E+01
  0.5800E+00 -0.2415E+01
  0.4875E+00 -0.2155E+01
  0.1956E+00 -0.2243E+01
  0.2709E+00 -0.2514E+01
  0.1956E+00 -0.2243E+01
 -0.1053E+00 -0.2319E+01
 -0.6172E-01 -0.2606E+01
 -0.1053E+00 -0.2319E+01
 -0.1651E+00 -0.2327E+01
 -0.1404E+00 -0.2617E+01
 -0.1651E+00 -0.2327E+01
 -0.2170E+00 -0.2329E+01
 -0.2166E+00 -0.2621E+01
 -0.2170E+00 -0.2329E+01
 -0.2708E+00 -0.2327E+01
 -0.2959E+00 -0.2618E+01
 -0.2708E+00 -0.2327E+01
 -0.3287E+00 -0.2319E+01
 -0.3786E+00 -0.2608E+01
 -0.3287E+00 -0.2319E+01
 -0.3974E+00 -0.2304E+01
 -0.4715E+00 -0.2586E+01
 -0.3974E+00 -0.2304E+01
 -0.4884E+00 -0.2275E+01
 -0.5866E+00 -0.2549E+01
 -0.4884E+00 -0.2275E+01
 -0.6117E+00 -0.2223E+01
 -0.7279E+00 -0.2487E+01
 -0.6117E+00 -0.2223E+01
 -0.1226E+01 -0.1884E+01
 -0.1365E+01 -0.2128E+01
 -0.1226E+01 -0.1884E+01
 -0.1907E+01 -0.1474E+01
 -0.2085E+01 -0.1716E+01
 -0.1907E+01 -0.1474E+01
 -0.2005E+01 -0.1399E+01
 -0.2203E+01 -0.1632E+01
 -0.2005E+01 -0.1399E+01
 -0.2075E+01 -0.1335E+01
 -0.2295E+01 -0.1552E+01
 -0.2075E+01 -0.1335E+01
 -0.2128E+01 -0.1278E+01
 -0.2365E+01 -0.1477E+01
 -0.2128E+01 -0.1278E+01
 -0.2174E+01 -0.1217E+01
 -0.2429E+01 -0.1396E+01
 -0.2174E+01 -0.1217E+01
 -0.2211E+01 -0.1160E+01
 -0.2480E+01 -0.1317E+01
 -0.2211E+01 -0.1160E+01
 -0.2246E+01 -0.1092E+01
 -0.2528E+01 -0.1226E+01
 -0.2246E+01 -0.1092E+01
 -0.2282E+01 -0.1006E+01
 -0.2571E+01 -0.1120E+01
 -0.2282E+01 -0.1006E+01
 -0.2469E+01 -0.3439E+00
 -0.2778E+01 -0.3868E+00
 -0.2469E+01 -0.3439E+00
 -0.2558E+01  0.2298E-01
 -0.2874E+01 -0.2694E-01
 -0.2558E+01  0.2298E-01
 -0.2573E+01  0.1357E+00
 -0.2894E+01  0.1070E+00
 -0.2573E+01  0.1357E+00
 -0.2578E+01  0.2730E+00
 -0.2902E+01  0.2674E+00
 -0.2578E+01  0.2730E+00
 -0.2571E+01  0.5787E+00
 -0.2898E+01  0.6145E+00
 -0.2571E+01  0.5787E+00
 -0.2562E+01  0.6496E+00
 -0.2887E+01  0.7087E+00
 -0.2562E+01  0.6496E+00
 -0.2551E+01  0.6982E+00
 -0.2870E+01  0.7830E+00
 -0.2551E+01  0.6982E+00
 -0.2535E+01  0.7488E+00
 -0.2845E+01  0.8636E+00
 -0.2535E+01  0.7488E+00
 -0.2518E+01  0.7883E+00
 -0.2818E+01  0.9274E+00
 -0.2518E+01  0.7883E+00
 -0.2495E+01  0.8322E+00
 -0.2780E+01  0.9967E+00
 -0.2495E+01  0.8322E+00
 -0.2466E+01  0.8779E+00
 -0.2735E+01  0.1065E+01
 -0.2466E+01  0.8779E+00
 -0.2422E+01  0.9356E+00
 -0.2671E+01  0.1144E+01
 -0.2422E+01  0.9356E+00
 -0.2352E+01  0.1010E+01
 -0.2582E+01  0.1234E+01
 -0.2352E+01  0.1010E+01
 -0.2181E+01  0.1166E+01
 -0.2381E+01  0.1402E+01
 -0.2181E+01  0.1166E+01
 -0.1883E+01  0.1393E+01
 -0.2052E+01  0.1632E+01
 -0.1883E+01  0.1393E+01
 -0.1411E+01  0.1693E+01
 -0.1550E+01  0.1931E+01
 -0.1411E+01  0.1693E+01
 -0.7809E+00  0.2034E+01
 -0.8930E+00  0.2282E+01
 -0.7809E+00  0.2034E+01
 -0.4875E+00  0.2155E+01
 -0.5800E+00  0.2415E+01
 -0.4875E+00  0.2155E+01
 -0.1956E+00  0.2243E+01
 -0.2709E+00  0.2514E+01
 -0.1956E+00  0.2243E+01
  0.1053E+00  0.2319E+01
  0.6172E-01  0.2606E+01
  0.1053E+00  0.2319E+01
  0.1651E+00  0.2327E+01
  0.1404E+00  0.2617E+01
  0.1651E+00  0.2327E+01
  0.2170E+00  0.2329E+01
   -   -   
