
 **** INPUT FILE VPSC.IN FOR THIS RUN ****
1                          (iregime ; -1=EL , 1=VP)                                                                               
1                          number of phases (nph)                                                                                 
1.0  0.0                   relative vol. fract. of phases (wph(i))                                                                
*INFORMATION ABOUT PHASE #1                                                                                                       
0   0    25                   grain shape contrl, fragmentn, crit aspect ratio                                                    
1.0  1.0  1.0                 initial ellipsoid ratios (dummy if ishape=4)                                                        
0.0  0.0  0.0                 init Eul ang ellips axes (dummy if ishape=3,4)                                                      
* name and path of texture file (filetext)                                                                                        
textures_new0\texture_0_19.tex                                                                                                    
* name and path of single crystal file (filecrys)                                                                                 
ex02_FCC\FCC.sx                                                                                                                   
* name and path of grain shape file (dummy if ishape=0) (fileaxes)                                                                
dummy                                                                                                                             
* name and path of diffraction file (dummy if idiff=0)                                                                            
0                                                                                                                                 
dummy                                                                                                                             
*PRECISION SETTINGS FOR CONVERGENCE PROCEDURES (default values)                                                                   
0.001 0.001 0.001 0.01    errs,errd,errm,errso                                                                                    
100 100 25     itmax:   max # of iter, external, internal and SO loops                                                            
0  2  10  2   irsvar & jrsini,jrsinp,jrstep (dummy if irsvar=0)                                                                   
*INPUT/OUTPUT SETTINGS FOR THE RUN (default is zero)                                                                              
0              irecover:read grain states from POSTMORT.IN (1) or not (0)?                                                        
5              isave:   write grain states in POSTMORT.OUT at step (isave)?                                                       
0              icubcomp:calculate fcc rolling components?                                                                         
5            nwrite (frequency of texture downloads)                                                                              
*MODELING CONDITIONS FOR THE RUN                                                                                                  
0  10.         interaction (0:FC,1:afinpe,2:secant,3:neff=xx,4:tangent,5:SO),neff                                                 
1  1  1        iupdate: update orient, grain shape, hardening                                                                     
0              nneigh (0 for no neighbors, 1 for pairs, etc.)                                                                     
0              iflu (0: do not calc, 1: calc fluctuations)                                                                        
*NUMBER OF PROCESSES (Lij const; Lij variable; PCYS ;LANKFORD; rigid rotatn)                                                      
1                                                                                                                                 
*IVGVAR AND PATH/NAME OF FILE FOR EACH PROCESS                                                                                    
2                                                                                                                                 
1 2                                                                                                                               


 **** CRYSTAL DATA FILE ****
*Material: AUSTENITIC STEEL                                                                                                       
cubic           crysym                                                                                                            
   1.0   1.0   1.0   90.   90.   90.   unit cell axes and angles                                                                  
Elastic stiffness (single crystal [GPa]; scaled=0.85xINTERPOLATED)                                                                
 205.0   138.0   138.0   000.0   000.0   000.0                                                                                    
 138.0   205.0   138.0   000.0   000.0   000.0                                                                                    
 138.0   138.0   205.0   000.0   000.0   000.0                                                                                    
 000.0   000.0   000.0   126.0   000.0   000.0                                                                                    
 000.0   000.0   000.0   000.0   126.0   000.0                                                                                    
 000.0   000.0   000.0   000.0   000.0   126.0                                                                                    
*Thermal expansion coefficients (single crystal in crystal axis):                                                                 
  1.0e-6   1.0e-6  1.0e-6   0.0e0   0.0e0   0.0e0                                                                                 
*Info about slip & twinning modes in this file:                                                                                   
  2          nmodesx    (total # of modes listed in file)                                                                         
  1          nmodes     (# of modes to be used in the calculation)                                                                
  1          mode(i)    (label of the modes to be used)                                                                           
  <111>{110} SLIP                                                                                                                 
 1  12  1   0                       modex,nsmx,isensex,itwtypex                                                                   
   1  1  1        0  1 -1           slip (n & b)                                                                                  
   1  1  1        1  0 -1                                                                                                         
   1  1  1        1 -1  0                                                                                                         
  -1  1  1        0  1 -1                                                                                                         
  -1  1  1        1  0  1                                                                                                         
  -1  1  1        1  1  0                                                                                                         
  -1 -1  1        0  1  1                                                                                                         
  -1 -1  1        1  0  1                                                                                                         
  -1 -1  1        1 -1  0                                                                                                         
   1 -1  1        0  1  1                                                                                                         
   1 -1  1        1  0 -1                                                                                                         
   1 -1  1        1  1  0                                                                                                         
  <111>{112} TWIN                                                                                                                 
 2  12  0   2                        modex,nsmx,isensex,itwtypex                                                                  
 0.707                               twshx                                                                                        
   1  1  1       -2  1  1                                                                                                         
   1  1  1        1 -2  1                                                                                                         
   1  1  1        1  1 -2                                                                                                         
  -1  1  1        2  1  1                                                                                                         
  -1  1  1       -1 -2  1                                                                                                         
  -1  1  1       -1  1 -2                                                                                                         
  -1 -1  1        2 -1  1                                                                                                         
  -1 -1  1       -1  2  1                                                                                                         
  -1 -1  1       -1 -1 -2                                                                                                         
   1 -1  1       -2 -1  1                                                                                                         
   1 -1  1        1  2  1                                                                                                         
   1 -1  1        1 -1 -2                                                                                                         
*Constitutive law                                                                                                                 
   0      Voce=0, MTS=1                                                                                                           
   0      iratesens (0:rate insensitive, 1:rate sensitive)                                                                        
   50     grsze --> grain size only matters if HPfactor is non-zero                                                               
  <111>{110} SLIP -------------------------------------------                                                                     
 20                               nrsx                                                                                            
 1.0   0.0   0.0   0.0  0.        tau0x,tau1x,thet0,thet1, hpfac                                                                  
 1.0    1.0                          hlatex(1,im),im=1,nmodes                                                                     
  <111>{112} TWIN --------------------------------------                                                                          
 20                               nrsx                                                                                            
 1.0   0.0    0.   0.   0.        tau0x,tau1x,thet0,thet1, hpfac                                                                  
 1.0    1.0                       hlatex(1,im),im=1,nmodes                                                                        
 0     0.05   0.50                isectw, thres1,thres2                                                                           
**** END OF CRYSTAL DATA FILE ****


 CHECKING THAT CELCC*SELCC-ID6=0   0.1110223E-15
 *********** PHASE   1
 RANDOM PX BULK & POISSON MODULI     160.333       0.266
 RANDOM PX ELASTIC CTES C11, C12, C44     279.000     101.000      89.000

 INSIDE SUBROUTINE DATA_CRYSTAL
 SHEAR MODULUS FOR MODE  1 IN PHASE  1 IS      64.333
 N & B FOR MODE  1 IN PHASE  1
     0.577     0.577     0.577        0.000     0.707    -0.707
     0.577     0.577     0.577        0.707     0.000    -0.707
     0.577     0.577     0.577        0.707    -0.707     0.000
    -0.577     0.577     0.577        0.000     0.707    -0.707
    -0.577     0.577     0.577        0.707     0.000     0.707
    -0.577     0.577     0.577        0.707     0.707     0.000
    -0.577    -0.577     0.577        0.000     0.707     0.707
    -0.577    -0.577     0.577        0.707     0.000     0.707
    -0.577    -0.577     0.577        0.707    -0.707     0.000
     0.577    -0.577     0.577        0.000     0.707     0.707
     0.577    -0.577     0.577        0.707     0.000    -0.707
     0.577    -0.577     0.577        0.707     0.707     0.000

 **** CRYST TEXTURE (FIRST FEW LINES) ****
dummy                                                                                                                             
dummy                                                                                                                             
texture generated by L0new                                                                                                        
B   1000                                                                                                                          
   -35.18     62.29   -103.27  0.0010000                                                                                          
  -137.97     71.49     20.56  0.0010000                                                                                          
   134.16     74.89    -23.95  0.0010000                                                                                          
  -132.76    103.72    154.40  0.0010000                                                                                          
  -118.63    149.99     24.08  0.0010000                                                                                          
   -43.28    107.39    111.63  0.0010000                                                                                          
    36.42     65.74     15.45  0.0010000                                                                                          
  -138.74    109.09   -109.96  0.0010000                                                                                          
  -121.43     92.36     48.50  0.0010000                                                                                          
   -49.99     92.16     41.92  0.0010000                                                                                          
  -118.65    149.80   -156.21  0.0010000                                                                                          
   -38.76    111.79    107.53  0.0010000                                                                                          
    84.92     63.02   -176.81  0.0010000                                                                                          
   143.07     66.77     73.91  0.0010000                                                                                          
    51.54     86.51     40.17  0.0010000                                                                                          
   128.48     79.36    150.92  0.0010000                                                                                          
    .........................
 **** END OF CRYST TEXTURE DATA FILE ****


*** RUNNING INTERACTION NEFF=   10.00


 UB THERMAL TENSOR (VOIGT NOTATION)
  0.1000E-05  0.1000E-05  0.1000E-05  0.1476E-23  0.1976E-24 -0.2422E-23

 UB ELASTIC STIFFNESS (VOIGT NOTATION)
  0.3047E+03  0.7689E+02  0.9936E+02  0.1664E+00 -0.1443E+00  0.5020E+00
  0.7689E+02  0.3004E+03  0.1037E+03 -0.7287E+00 -0.1031E+01  0.3492E+00
  0.9936E+02  0.1037E+03  0.2779E+03  0.5622E+00  0.1175E+01 -0.8512E+00
  0.1664E+00 -0.7287E+00  0.5622E+00  0.9174E+02 -0.8512E+00 -0.1031E+01
 -0.1443E+00 -0.1031E+01  0.1175E+01 -0.8512E+00  0.8736E+02  0.1664E+00
  0.5020E+00  0.3492E+00 -0.8512E+00 -0.1031E+01  0.1664E+00  0.6489E+02

 LB THERMAL TENSOR (VOIGT NOTATION)
  0.1000E-05  0.1000E-05  0.1000E-05  0.7011E-24  0.1557E-24 -0.1481E-23

 LB ELASTIC STIFFNESS (VOIGT NOTATION)
  0.2734E+03  0.8953E+02  0.1181E+03  0.3382E+00  0.4538E-01  0.3559E+00
  0.8953E+02  0.2679E+03  0.1236E+03 -0.8080E+00 -0.9870E+00  0.1830E+00
  0.1181E+03  0.1236E+03  0.2393E+03  0.4698E+00  0.9416E+00 -0.5389E+00
  0.3382E+00 -0.8080E+00  0.4698E+00  0.6232E+02 -0.7277E+00 -0.6831E+00
  0.4538E-01 -0.9870E+00  0.9416E+00 -0.7277E+00  0.5854E+02  0.1049E+00
  0.3559E+00  0.1830E+00 -0.5389E+00 -0.6831E+00  0.1049E+00  0.4463E+02


 ******* STARTS A PCYS CALCULATION *******

 CENTRO-SYMMETRIC YIELD SURFACE

NORM OF STRAIN-RATE PROBES IS HARDWIRED TO  0.100E+01

WILL CALCULATE A   1   2   PCYS PROJECTION
 INDICES OF THE COMPONENTS DEFINING STRESS SPACE
    1 = (S22-S11)/SQRT(2)
    2 = (2*S33-S22-S11)/SQRT(6)
    3 = S23*SQRT(2)
    4 = S13*SQRT(2)
    5 = S12*SQRT(2)


*******   STEP   1      *** FULL CONSTRAINT CALCULATION        
 step & DBAR in PCYS    1    0.0000    1.0000    0.0000    0.0000    0.0000

*******   STEP   2      *** FULL CONSTRAINT CALCULATION        
 step & DBAR in PCYS    2    0.0872    0.9962    0.0000    0.0000    0.0000

*******   STEP   3      *** FULL CONSTRAINT CALCULATION        
 step & DBAR in PCYS    3    0.1736    0.9848    0.0000    0.0000    0.0000

*******   STEP   4      *** FULL CONSTRAINT CALCULATION        
 step & DBAR in PCYS    4    0.2588    0.9659    0.0000    0.0000    0.0000

*******   STEP   5      *** FULL CONSTRAINT CALCULATION        
 step & DBAR in PCYS    5    0.3420    0.9397    0.0000    0.0000    0.0000

*******   STEP   6      *** FULL CONSTRAINT CALCULATION        
 step & DBAR in PCYS    6    0.4226    0.9063    0.0000    0.0000    0.0000

*******   STEP   7      *** FULL CONSTRAINT CALCULATION        
 step & DBAR in PCYS    7    0.5000    0.8660    0.0000    0.0000    0.0000

*******   STEP   8      *** FULL CONSTRAINT CALCULATION        
 step & DBAR in PCYS    8    0.5736    0.8192    0.0000    0.0000    0.0000

*******   STEP   9      *** FULL CONSTRAINT CALCULATION        
 step & DBAR in PCYS    9    0.6428    0.7660    0.0000    0.0000    0.0000

*******   STEP  10      *** FULL CONSTRAINT CALCULATION        
 step & DBAR in PCYS   10    0.7071    0.7071    0.0000    0.0000    0.0000

*******   STEP  11      *** FULL CONSTRAINT CALCULATION        
 step & DBAR in PCYS   11    0.7660    0.6428    0.0000    0.0000    0.0000

*******   STEP  12      *** FULL CONSTRAINT CALCULATION        
 step & DBAR in PCYS   12    0.8192    0.5736    0.0000    0.0000    0.0000

*******   STEP  13      *** FULL CONSTRAINT CALCULATION        
 step & DBAR in PCYS   13    0.8660    0.5000    0.0000    0.0000    0.0000

*******   STEP  14      *** FULL CONSTRAINT CALCULATION        
 step & DBAR in PCYS   14    0.9063    0.4226    0.0000    0.0000    0.0000

*******   STEP  15      *** FULL CONSTRAINT CALCULATION        
 step & DBAR in PCYS   15    0.9397    0.3420    0.0000    0.0000    0.0000

*******   STEP  16      *** FULL CONSTRAINT CALCULATION        
 step & DBAR in PCYS   16    0.9659    0.2588    0.0000    0.0000    0.0000

*******   STEP  17      *** FULL CONSTRAINT CALCULATION        
 step & DBAR in PCYS   17    0.9848    0.1736    0.0000    0.0000    0.0000

*******   STEP  18      *** FULL CONSTRAINT CALCULATION        
 step & DBAR in PCYS   18    0.9962    0.0872    0.0000    0.0000    0.0000

*******   STEP  19      *** FULL CONSTRAINT CALCULATION        
 step & DBAR in PCYS   19    1.0000    0.0000    0.0000    0.0000    0.0000

*******   STEP  20      *** FULL CONSTRAINT CALCULATION        
 step & DBAR in PCYS   20    0.9962   -0.0872    0.0000    0.0000    0.0000

*******   STEP  21      *** FULL CONSTRAINT CALCULATION        
 step & DBAR in PCYS   21    0.9848   -0.1736    0.0000    0.0000    0.0000

*******   STEP  22      *** FULL CONSTRAINT CALCULATION        
 step & DBAR in PCYS   22    0.9659   -0.2588    0.0000    0.0000    0.0000

*******   STEP  23      *** FULL CONSTRAINT CALCULATION        
 step & DBAR in PCYS   23    0.9397   -0.3420    0.0000    0.0000    0.0000

*******   STEP  24      *** FULL CONSTRAINT CALCULATION        
 step & DBAR in PCYS   24    0.9063   -0.4226    0.0000    0.0000    0.0000

*******   STEP  25      *** FULL CONSTRAINT CALCULATION        
 step & DBAR in PCYS   25    0.8660   -0.5000    0.0000    0.0000    0.0000

*******   STEP  26      *** FULL CONSTRAINT CALCULATION        
 step & DBAR in PCYS   26    0.8192   -0.5736    0.0000    0.0000    0.0000

*******   STEP  27      *** FULL CONSTRAINT CALCULATION        
 step & DBAR in PCYS   27    0.7660   -0.6428    0.0000    0.0000    0.0000

*******   STEP  28      *** FULL CONSTRAINT CALCULATION        
 step & DBAR in PCYS   28    0.7071   -0.7071    0.0000    0.0000    0.0000

*******   STEP  29      *** FULL CONSTRAINT CALCULATION        
 step & DBAR in PCYS   29    0.6428   -0.7660    0.0000    0.0000    0.0000

*******   STEP  30      *** FULL CONSTRAINT CALCULATION        
 step & DBAR in PCYS   30    0.5736   -0.8192    0.0000    0.0000    0.0000

*******   STEP  31      *** FULL CONSTRAINT CALCULATION        
 step & DBAR in PCYS   31    0.5000   -0.8660    0.0000    0.0000    0.0000

*******   STEP  32      *** FULL CONSTRAINT CALCULATION        
 step & DBAR in PCYS   32    0.4226   -0.9063    0.0000    0.0000    0.0000

*******   STEP  33      *** FULL CONSTRAINT CALCULATION        
 step & DBAR in PCYS   33    0.3420   -0.9397    0.0000    0.0000    0.0000

*******   STEP  34      *** FULL CONSTRAINT CALCULATION        
 step & DBAR in PCYS   34    0.2588   -0.9659    0.0000    0.0000    0.0000

*******   STEP  35      *** FULL CONSTRAINT CALCULATION        
 step & DBAR in PCYS   35    0.1736   -0.9848    0.0000    0.0000    0.0000

*******   STEP  36      *** FULL CONSTRAINT CALCULATION        
 step & DBAR in PCYS   36    0.0872   -0.9962    0.0000    0.0000    0.0000

 TIME ELAPSED    0.92secs
